<?xml version="1.0" encoding="UTF-8"?>
<testng-results ignored="0" total="1" passed="1" failed="0" skipped="0">
  <reporter-output>
  </reporter-output>
  <suite started-at="2022-11-29T11:29:54 IST" name="Default suite" finished-at="2022-11-29T11:29:54 IST" duration-ms="107">
    <groups>
    </groups>
    <test started-at="2022-11-29T11:29:54 IST" name="Default test" finished-at="2022-11-29T11:29:54 IST" duration-ms="107">
      <class name="JavaStream.Uniqu_Using_Stream">
        <test-method signature="demo()[pri:0, instance:JavaStream.Uniqu_Using_Stream@776b83cc]" started-at="2022-11-29T11:29:54 IST" name="demo" finished-at="2022-11-29T11:29:54 IST" duration-ms="22" status="PASS">
          <reporter-output>
          </reporter-output>
        </test-method> <!-- demo -->
      </class> <!-- JavaStream.Uniqu_Using_Stream -->
    </test> <!-- Default test -->
  </suite> <!-- Default suite -->
</testng-results>
